<?xml version="1.0" encoding="UTF-8"?>
<testng-results ignored="0" total="8" passed="8" failed="0" skipped="0">
  <reporter-output>
  </reporter-output>
  <suite started-at="2026-06-12T21:39:50 IST" name="ParaBank Suite" finished-at="2026-06-12T21:40:37 IST" duration-ms="47716">
    <groups>
    </groups>
    <test started-at="2026-06-12T21:39:50 IST" name="ParaBank Tests" finished-at="2026-06-12T21:40:37 IST" duration-ms="47716">
      <class name="testcases.TransferFundsTest">
        <test-method is-config="true" signature="setup()[pri:0, instance:testcases.TransferFundsTest@1643d68f]" started-at="2026-06-12T21:40:11 IST" name="setup" finished-at="2026-06-12T21:40:14 IST" duration-ms="2285" status="PASS">
          <reporter-output>
          </reporter-output>
        </test-method> <!-- setup -->
        <test-method signature="verifyTransferFunds()[pri:5, instance:testcases.TransferFundsTest@1643d68f]" started-at="2026-06-12T21:40:14 IST" name="verifyTransferFunds" finished-at="2026-06-12T21:40:20 IST" duration-ms="6252" status="PASS">
          <reporter-output>
          </reporter-output>
        </test-method> <!-- verifyTransferFunds -->
        <test-method is-config="true" signature="tearDown()[pri:0, instance:testcases.TransferFundsTest@1643d68f]" started-at="2026-06-12T21:40:20 IST" name="tearDown" finished-at="2026-06-12T21:40:20 IST" duration-ms="169" status="PASS">
          <reporter-output>
          </reporter-output>
        </test-method> <!-- tearDown -->
      </class> <!-- testcases.TransferFundsTest -->
      <class name="testcases.NegativeTest">
        <test-method is-config="true" signature="setup()[pri:0, instance:testcases.NegativeTest@2e029d61]" started-at="2026-06-12T21:40:30 IST" name="setup" finished-at="2026-06-12T21:40:33 IST" duration-ms="2752" status="PASS">
          <reporter-output>
          </reporter-output>
        </test-method> <!-- setup -->
        <test-method signature="invalidLoginTest()[pri:1, instance:testcases.NegativeTest@2e029d61]" started-at="2026-06-12T21:40:33 IST" name="invalidLoginTest" finished-at="2026-06-12T21:40:34 IST" duration-ms="757" status="PASS">
          <reporter-output>
          </reporter-output>
        </test-method> <!-- invalidLoginTest -->
        <test-method is-config="true" signature="tearDown()[pri:0, instance:testcases.NegativeTest@2e029d61]" started-at="2026-06-12T21:40:34 IST" name="tearDown" finished-at="2026-06-12T21:40:34 IST" duration-ms="156" status="PASS">
          <reporter-output>
          </reporter-output>
        </test-method> <!-- tearDown -->
        <test-method is-config="true" signature="setup()[pri:0, instance:testcases.NegativeTest@2e029d61]" started-at="2026-06-12T21:40:34 IST" name="setup" finished-at="2026-06-12T21:40:36 IST" duration-ms="2573" status="PASS">
          <reporter-output>
          </reporter-output>
        </test-method> <!-- setup -->
        <test-method signature="emptyLoginTest()[pri:2, instance:testcases.NegativeTest@2e029d61]" started-at="2026-06-12T21:40:36 IST" name="emptyLoginTest" finished-at="2026-06-12T21:40:37 IST" duration-ms="701" status="PASS">
          <reporter-output>
          </reporter-output>
        </test-method> <!-- emptyLoginTest -->
        <test-method is-config="true" signature="tearDown()[pri:0, instance:testcases.NegativeTest@2e029d61]" started-at="2026-06-12T21:40:37 IST" name="tearDown" finished-at="2026-06-12T21:40:37 IST" duration-ms="131" status="PASS">
          <reporter-output>
          </reporter-output>
        </test-method> <!-- tearDown -->
      </class> <!-- testcases.NegativeTest -->
      <class name="testcases.LoginTest">
        <test-method is-config="true" signature="setup()[pri:0, instance:testcases.LoginTest@346a361]" started-at="2026-06-12T21:39:57 IST" name="setup" finished-at="2026-06-12T21:39:59 IST" duration-ms="2425" status="PASS">
          <reporter-output>
          </reporter-output>
        </test-method> <!-- setup -->
        <test-method signature="verifyValidLogin()[pri:2, instance:testcases.LoginTest@346a361]" started-at="2026-06-12T21:39:59 IST" name="verifyValidLogin" finished-at="2026-06-12T21:40:06 IST" duration-ms="6844" status="PASS">
          <reporter-output>
          </reporter-output>
        </test-method> <!-- verifyValidLogin -->
        <test-method is-config="true" signature="tearDown()[pri:0, instance:testcases.LoginTest@346a361]" started-at="2026-06-12T21:40:06 IST" name="tearDown" finished-at="2026-06-12T21:40:06 IST" duration-ms="425" status="PASS">
          <reporter-output>
          </reporter-output>
        </test-method> <!-- tearDown -->
      </class> <!-- testcases.LoginTest -->
      <class name="testcases.OpenAccountTest">
        <test-method is-config="true" signature="setup()[pri:0, instance:testcases.OpenAccountTest@107ed6fc]" started-at="2026-06-12T21:40:06 IST" name="setup" finished-at="2026-06-12T21:40:08 IST" duration-ms="1954" status="PASS">
          <reporter-output>
          </reporter-output>
        </test-method> <!-- setup -->
        <test-method signature="verifyOpenAccount()[pri:4, instance:testcases.OpenAccountTest@107ed6fc]" started-at="2026-06-12T21:40:08 IST" name="verifyOpenAccount" finished-at="2026-06-12T21:40:11 IST" duration-ms="2933" status="PASS">
          <reporter-output>
          </reporter-output>
        </test-method> <!-- verifyOpenAccount -->
        <test-method is-config="true" signature="tearDown()[pri:0, instance:testcases.OpenAccountTest@107ed6fc]" started-at="2026-06-12T21:40:11 IST" name="tearDown" finished-at="2026-06-12T21:40:11 IST" duration-ms="105" status="PASS">
          <reporter-output>
          </reporter-output>
        </test-method> <!-- tearDown -->
      </class> <!-- testcases.OpenAccountTest -->
      <class name="testcases.BillPayTest">
        <test-method is-config="true" signature="setup()[pri:0, instance:testcases.BillPayTest@186978a6]" started-at="2026-06-12T21:40:20 IST" name="setup" finished-at="2026-06-12T21:40:22 IST" duration-ms="2345" status="PASS">
          <reporter-output>
          </reporter-output>
        </test-method> <!-- setup -->
        <test-method signature="verifyBillPayment(java.lang.String,java.lang.String,java.lang.String,java.lang.String,java.lang.String,java.lang.String,java.lang.String,java.lang.String)[pri:6, instance:testcases.BillPayTest@186978a6]" started-at="2026-06-12T21:40:22 IST" name="verifyBillPayment" data-provider="billPayData" finished-at="2026-06-12T21:40:25 IST" duration-ms="2836" status="PASS">
          <params>
            <param index="0">
              <value>
                <![CDATA[Electricity Board]]>
              </value>
            </param>
            <param index="1">
              <value>
                <![CDATA[Park Street]]>
              </value>
            </param>
            <param index="2">
              <value>
                <![CDATA[Kolkata]]>
              </value>
            </param>
            <param index="3">
              <value>
                <![CDATA[West Bengal]]>
              </value>
            </param>
            <param index="4">
              <value>
                <![CDATA[700001]]>
              </value>
            </param>
            <param index="5">
              <value>
                <![CDATA[9876543210]]>
              </value>
            </param>
            <param index="6">
              <value>
                <![CDATA[12345]]>
              </value>
            </param>
            <param index="7">
              <value>
                <![CDATA[100]]>
              </value>
            </param>
          </params>
          <reporter-output>
          </reporter-output>
        </test-method> <!-- verifyBillPayment -->
        <test-method is-config="true" signature="tearDown()[pri:0, instance:testcases.BillPayTest@186978a6]" started-at="2026-06-12T21:40:25 IST" name="tearDown" finished-at="2026-06-12T21:40:25 IST" duration-ms="127" status="PASS">
          <reporter-output>
          </reporter-output>
        </test-method> <!-- tearDown -->
        <test-method is-config="true" signature="setup()[pri:0, instance:testcases.BillPayTest@186978a6]" started-at="2026-06-12T21:40:25 IST" name="setup" finished-at="2026-06-12T21:40:28 IST" duration-ms="2360" status="PASS">
          <reporter-output>
          </reporter-output>
        </test-method> <!-- setup -->
        <test-method signature="verifyBillPayment(java.lang.String,java.lang.String,java.lang.String,java.lang.String,java.lang.String,java.lang.String,java.lang.String,java.lang.String)[pri:6, instance:testcases.BillPayTest@186978a6]" started-at="2026-06-12T21:40:28 IST" name="verifyBillPayment" data-provider="billPayData" finished-at="2026-06-12T21:40:30 IST" duration-ms="2353" status="PASS">
          <params>
            <param index="0">
              <value>
                <![CDATA[Water Department]]>
              </value>
            </param>
            <param index="1">
              <value>
                <![CDATA[MG Road]]>
              </value>
            </param>
            <param index="2">
              <value>
                <![CDATA[Kolkata]]>
              </value>
            </param>
            <param index="3">
              <value>
                <![CDATA[West Bengal]]>
              </value>
            </param>
            <param index="4">
              <value>
                <![CDATA[700002]]>
              </value>
            </param>
            <param index="5">
              <value>
                <![CDATA[9999999999]]>
              </value>
            </param>
            <param index="6">
              <value>
                <![CDATA[67890]]>
              </value>
            </param>
            <param index="7">
              <value>
                <![CDATA[200]]>
              </value>
            </param>
          </params>
          <reporter-output>
          </reporter-output>
        </test-method> <!-- verifyBillPayment -->
        <test-method is-config="true" signature="tearDown()[pri:0, instance:testcases.BillPayTest@186978a6]" started-at="2026-06-12T21:40:30 IST" name="tearDown" finished-at="2026-06-12T21:40:30 IST" duration-ms="154" status="PASS">
          <reporter-output>
          </reporter-output>
        </test-method> <!-- tearDown -->
      </class> <!-- testcases.BillPayTest -->
      <class name="testcases.RegistrationTest">
        <test-method is-config="true" signature="setup()[pri:0, instance:testcases.RegistrationTest@7e3f95fe]" started-at="2026-06-12T21:39:50 IST" name="setup" finished-at="2026-06-12T21:39:52 IST" duration-ms="2901" status="PASS">
          <reporter-output>
          </reporter-output>
        </test-method> <!-- setup -->
        <test-method signature="verifyRegistration()[pri:0, instance:testcases.RegistrationTest@7e3f95fe]" started-at="2026-06-12T21:39:52 IST" name="verifyRegistration" finished-at="2026-06-12T21:39:56 IST" duration-ms="3927" status="PASS">
          <reporter-output>
          </reporter-output>
        </test-method> <!-- verifyRegistration -->
        <test-method is-config="true" signature="tearDown()[pri:0, instance:testcases.RegistrationTest@7e3f95fe]" started-at="2026-06-12T21:39:56 IST" name="tearDown" finished-at="2026-06-12T21:39:57 IST" duration-ms="170" status="PASS">
          <reporter-output>
          </reporter-output>
        </test-method> <!-- tearDown -->
      </class> <!-- testcases.RegistrationTest -->
    </test> <!-- ParaBank Tests -->
  </suite> <!-- ParaBank Suite -->
</testng-results>
