<?xml version="1.0" encoding="UTF-8"?>
<testng-results ignored="0" total="8" passed="8" failed="0" skipped="0">
  <reporter-output>
  </reporter-output>
  <suite started-at="2026-06-13T08:39:11 IST" name="ParaBank Suite" finished-at="2026-06-13T08:40:00 IST" duration-ms="48894">
    <groups>
    </groups>
    <test started-at="2026-06-13T08:39:11 IST" name="ParaBank Tests" finished-at="2026-06-13T08:40:00 IST" duration-ms="48894">
      <class name="testcases.TransferFundsTest">
        <test-method is-config="true" signature="setup()[pri:0, instance:testcases.TransferFundsTest@592e843a]" started-at="2026-06-13T08:39:34 IST" name="setup" finished-at="2026-06-13T08:39:36 IST" duration-ms="2321" status="PASS">
          <reporter-output>
          </reporter-output>
        </test-method> <!-- setup -->
        <test-method signature="verifyTransferFunds()[pri:5, instance:testcases.TransferFundsTest@592e843a]" started-at="2026-06-13T08:39:36 IST" name="verifyTransferFunds" finished-at="2026-06-13T08:39:42 IST" duration-ms="6311" status="PASS">
          <reporter-output>
          </reporter-output>
        </test-method> <!-- verifyTransferFunds -->
        <test-method is-config="true" signature="tearDown()[pri:0, instance:testcases.TransferFundsTest@592e843a]" started-at="2026-06-13T08:39:42 IST" name="tearDown" finished-at="2026-06-13T08:39:43 IST" duration-ms="157" status="PASS">
          <reporter-output>
          </reporter-output>
        </test-method> <!-- tearDown -->
      </class> <!-- testcases.TransferFundsTest -->
      <class name="testcases.NegativeTest">
        <test-method is-config="true" signature="setup()[pri:0, instance:testcases.NegativeTest@423e4cbb]" started-at="2026-06-13T08:39:53 IST" name="setup" finished-at="2026-06-13T08:39:56 IST" duration-ms="2911" status="PASS">
          <reporter-output>
          </reporter-output>
        </test-method> <!-- setup -->
        <test-method signature="invalidLoginTest()[pri:1, instance:testcases.NegativeTest@423e4cbb]" started-at="2026-06-13T08:39:56 IST" name="invalidLoginTest" finished-at="2026-06-13T08:39:57 IST" duration-ms="778" status="PASS">
          <reporter-output>
          </reporter-output>
        </test-method> <!-- invalidLoginTest -->
        <test-method is-config="true" signature="tearDown()[pri:0, instance:testcases.NegativeTest@423e4cbb]" started-at="2026-06-13T08:39:57 IST" name="tearDown" finished-at="2026-06-13T08:39:57 IST" duration-ms="155" status="PASS">
          <reporter-output>
          </reporter-output>
        </test-method> <!-- tearDown -->
        <test-method is-config="true" signature="setup()[pri:0, instance:testcases.NegativeTest@423e4cbb]" started-at="2026-06-13T08:39:57 IST" name="setup" finished-at="2026-06-13T08:39:59 IST" duration-ms="2122" status="PASS">
          <reporter-output>
          </reporter-output>
        </test-method> <!-- setup -->
        <test-method signature="emptyLoginTest()[pri:2, instance:testcases.NegativeTest@423e4cbb]" started-at="2026-06-13T08:39:59 IST" name="emptyLoginTest" finished-at="2026-06-13T08:40:00 IST" duration-ms="589" status="PASS">
          <reporter-output>
          </reporter-output>
        </test-method> <!-- emptyLoginTest -->
        <test-method is-config="true" signature="tearDown()[pri:0, instance:testcases.NegativeTest@423e4cbb]" started-at="2026-06-13T08:40:00 IST" name="tearDown" finished-at="2026-06-13T08:40:00 IST" duration-ms="154" status="PASS">
          <reporter-output>
          </reporter-output>
        </test-method> <!-- tearDown -->
      </class> <!-- testcases.NegativeTest -->
      <class name="testcases.LoginTest">
        <test-method is-config="true" signature="setup()[pri:0, instance:testcases.LoginTest@7e242b4d]" started-at="2026-06-13T08:39:19 IST" name="setup" finished-at="2026-06-13T08:39:22 IST" duration-ms="2628" status="PASS">
          <reporter-output>
          </reporter-output>
        </test-method> <!-- setup -->
        <test-method signature="verifyValidLogin()[pri:2, instance:testcases.LoginTest@7e242b4d]" started-at="2026-06-13T08:39:22 IST" name="verifyValidLogin" finished-at="2026-06-13T08:39:28 IST" duration-ms="6515" status="PASS">
          <reporter-output>
          </reporter-output>
        </test-method> <!-- verifyValidLogin -->
        <test-method is-config="true" signature="tearDown()[pri:0, instance:testcases.LoginTest@7e242b4d]" started-at="2026-06-13T08:39:28 IST" name="tearDown" finished-at="2026-06-13T08:39:28 IST" duration-ms="260" status="PASS">
          <reporter-output>
          </reporter-output>
        </test-method> <!-- tearDown -->
      </class> <!-- testcases.LoginTest -->
      <class name="testcases.OpenAccountTest">
        <test-method is-config="true" signature="setup()[pri:0, instance:testcases.OpenAccountTest@305f031]" started-at="2026-06-13T08:39:28 IST" name="setup" finished-at="2026-06-13T08:39:31 IST" duration-ms="2242" status="PASS">
          <reporter-output>
          </reporter-output>
        </test-method> <!-- setup -->
        <test-method signature="verifyOpenAccount()[pri:4, instance:testcases.OpenAccountTest@305f031]" started-at="2026-06-13T08:39:31 IST" name="verifyOpenAccount" finished-at="2026-06-13T08:39:33 IST" duration-ms="2893" status="PASS">
          <reporter-output>
          </reporter-output>
        </test-method> <!-- verifyOpenAccount -->
        <test-method is-config="true" signature="tearDown()[pri:0, instance:testcases.OpenAccountTest@305f031]" started-at="2026-06-13T08:39:33 IST" name="tearDown" finished-at="2026-06-13T08:39:34 IST" duration-ms="216" status="PASS">
          <reporter-output>
          </reporter-output>
        </test-method> <!-- tearDown -->
      </class> <!-- testcases.OpenAccountTest -->
      <class name="testcases.BillPayTest">
        <test-method is-config="true" signature="setup()[pri:0, instance:testcases.BillPayTest@1d1f7216]" started-at="2026-06-13T08:39:43 IST" name="setup" finished-at="2026-06-13T08:39:45 IST" duration-ms="2259" status="PASS">
          <reporter-output>
          </reporter-output>
        </test-method> <!-- setup -->
        <test-method signature="verifyBillPayment(java.lang.String,java.lang.String,java.lang.String,java.lang.String,java.lang.String,java.lang.String,java.lang.String,java.lang.String)[pri:6, instance:testcases.BillPayTest@1d1f7216]" started-at="2026-06-13T08:39:45 IST" name="verifyBillPayment" data-provider="billPayData" finished-at="2026-06-13T08:39:48 IST" duration-ms="3034" status="PASS">
          <params>
            <param index="0">
              <value>
                <![CDATA[Electricity Board]]>
              </value>
            </param>
            <param index="1">
              <value>
                <![CDATA[Park Street]]>
              </value>
            </param>
            <param index="2">
              <value>
                <![CDATA[Kolkata]]>
              </value>
            </param>
            <param index="3">
              <value>
                <![CDATA[West Bengal]]>
              </value>
            </param>
            <param index="4">
              <value>
                <![CDATA[700001]]>
              </value>
            </param>
            <param index="5">
              <value>
                <![CDATA[9876543210]]>
              </value>
            </param>
            <param index="6">
              <value>
                <![CDATA[12345]]>
              </value>
            </param>
            <param index="7">
              <value>
                <![CDATA[100]]>
              </value>
            </param>
          </params>
          <reporter-output>
          </reporter-output>
        </test-method> <!-- verifyBillPayment -->
        <test-method is-config="true" signature="tearDown()[pri:0, instance:testcases.BillPayTest@1d1f7216]" started-at="2026-06-13T08:39:48 IST" name="tearDown" finished-at="2026-06-13T08:39:48 IST" duration-ms="168" status="PASS">
          <reporter-output>
          </reporter-output>
        </test-method> <!-- tearDown -->
        <test-method is-config="true" signature="setup()[pri:0, instance:testcases.BillPayTest@1d1f7216]" started-at="2026-06-13T08:39:48 IST" name="setup" finished-at="2026-06-13T08:39:51 IST" duration-ms="2784" status="PASS">
          <reporter-output>
          </reporter-output>
        </test-method> <!-- setup -->
        <test-method signature="verifyBillPayment(java.lang.String,java.lang.String,java.lang.String,java.lang.String,java.lang.String,java.lang.String,java.lang.String,java.lang.String)[pri:6, instance:testcases.BillPayTest@1d1f7216]" started-at="2026-06-13T08:39:51 IST" name="verifyBillPayment" data-provider="billPayData" finished-at="2026-06-13T08:39:53 IST" duration-ms="2125" status="PASS">
          <params>
            <param index="0">
              <value>
                <![CDATA[Water Department]]>
              </value>
            </param>
            <param index="1">
              <value>
                <![CDATA[MG Road]]>
              </value>
            </param>
            <param index="2">
              <value>
                <![CDATA[Kolkata]]>
              </value>
            </param>
            <param index="3">
              <value>
                <![CDATA[West Bengal]]>
              </value>
            </param>
            <param index="4">
              <value>
                <![CDATA[700002]]>
              </value>
            </param>
            <param index="5">
              <value>
                <![CDATA[9999999999]]>
              </value>
            </param>
            <param index="6">
              <value>
                <![CDATA[67890]]>
              </value>
            </param>
            <param index="7">
              <value>
                <![CDATA[200]]>
              </value>
            </param>
          </params>
          <reporter-output>
          </reporter-output>
        </test-method> <!-- verifyBillPayment -->
        <test-method is-config="true" signature="tearDown()[pri:0, instance:testcases.BillPayTest@1d1f7216]" started-at="2026-06-13T08:39:53 IST" name="tearDown" finished-at="2026-06-13T08:39:53 IST" duration-ms="134" status="PASS">
          <reporter-output>
          </reporter-output>
        </test-method> <!-- tearDown -->
      </class> <!-- testcases.BillPayTest -->
      <class name="testcases.RegistrationTest">
        <test-method is-config="true" signature="setup()[pri:0, instance:testcases.RegistrationTest@5be067de]" started-at="2026-06-13T08:39:11 IST" name="setup" finished-at="2026-06-13T08:39:14 IST" duration-ms="3260" status="PASS">
          <reporter-output>
          </reporter-output>
        </test-method> <!-- setup -->
        <test-method signature="verifyRegistration()[pri:0, instance:testcases.RegistrationTest@5be067de]" started-at="2026-06-13T08:39:14 IST" name="verifyRegistration" finished-at="2026-06-13T08:39:18 IST" duration-ms="4285" status="PASS">
          <reporter-output>
          </reporter-output>
        </test-method> <!-- verifyRegistration -->
        <test-method is-config="true" signature="tearDown()[pri:0, instance:testcases.RegistrationTest@5be067de]" started-at="2026-06-13T08:39:18 IST" name="tearDown" finished-at="2026-06-13T08:39:19 IST" duration-ms="510" status="PASS">
          <reporter-output>
          </reporter-output>
        </test-method> <!-- tearDown -->
      </class> <!-- testcases.RegistrationTest -->
    </test> <!-- ParaBank Tests -->
  </suite> <!-- ParaBank Suite -->
</testng-results>
