<?xml version="1.0" encoding="UTF-8"?>
<!-- Generated by org.testng.reporters.JUnitXMLReporter -->
<testsuite ignored="0" hostname="DESKTOP-GJTBUO2" failures="0" tests="8" name="ParaBank Tests" time="48.894" errors="0" timestamp="2026-06-13T08:40:00 IST">
  <testcase classname="testcases.RegistrationTest" name="verifyRegistration" time="4.285"/>
  <testcase classname="testcases.LoginTest" name="verifyValidLogin" time="6.515"/>
  <testcase classname="testcases.OpenAccountTest" name="verifyOpenAccount" time="2.893"/>
  <testcase classname="testcases.TransferFundsTest" name="verifyTransferFunds" time="6.311"/>
  <testcase classname="testcases.BillPayTest" name="verifyBillPayment" time="3.034"/>
  <testcase classname="testcases.BillPayTest" name="verifyBillPayment" time="2.125"/>
  <testcase classname="testcases.NegativeTest" name="invalidLoginTest" time="0.778"/>
  <testcase classname="testcases.NegativeTest" name="emptyLoginTest" time="0.589"/>
</testsuite> <!-- ParaBank Tests -->
