<?xml version="1.0" encoding="UTF-8"?>
<!-- Generated by org.testng.reporters.JUnitXMLReporter -->
<testsuite ignored="0" hostname="DESKTOP-GJTBUO2" failures="0" tests="8" name="ParaBank Tests" time="47.716" errors="0" timestamp="2026-06-12T21:40:38 IST">
  <testcase classname="testcases.RegistrationTest" name="verifyRegistration" time="3.927"/>
  <testcase classname="testcases.LoginTest" name="verifyValidLogin" time="6.844"/>
  <testcase classname="testcases.OpenAccountTest" name="verifyOpenAccount" time="2.933"/>
  <testcase classname="testcases.TransferFundsTest" name="verifyTransferFunds" time="6.252"/>
  <testcase classname="testcases.BillPayTest" name="verifyBillPayment" time="2.836"/>
  <testcase classname="testcases.BillPayTest" name="verifyBillPayment" time="2.353"/>
  <testcase classname="testcases.NegativeTest" name="invalidLoginTest" time="0.757"/>
  <testcase classname="testcases.NegativeTest" name="emptyLoginTest" time="0.701"/>
</testsuite> <!-- ParaBank Tests -->
